[0.200s] DEBUG:colcon:Command line arguments: ['/usr/bin/colcon', 'list', '-p', '--base-paths', '/home/rodion/projects/vertical_bot/src/vertical_bot_ros']
[0.200s] DEBUG:colcon:Parsed command line arguments: Namespace(base_paths=['/home/rodion/projects/vertical_bot/src/vertical_bot_ros'], build_base='build', ignore_user_meta=False, log_base=None, log_level=None, main=<bound method ListVerb.main of <colcon_package_information.verb.list.ListVerb object at 0x7f133ae361c0>>, metas=['./colcon.meta'], names_only=False, packages_above=None, packages_above_and_dependencies=None, packages_above_depth=None, packages_end=None, packages_ignore=None, packages_ignore_regex=None, packages_select=None, packages_select_build_failed=False, packages_select_by_dep=None, packages_select_regex=None, packages_select_test_failures=False, packages_skip=None, packages_skip_build_finished=False, packages_skip_by_dep=None, packages_skip_regex=None, packages_skip_test_passed=False, packages_skip_up_to=None, packages_start=None, packages_up_to=None, packages_up_to_regex=None, paths=None, paths_only=True, topological_graph=False, topological_graph_density=False, topological_graph_dot=False, topological_graph_dot_cluster=False, topological_graph_dot_include_skipped=False, topological_graph_legend=False, topological_order=False, verb_extension=<colcon_package_information.verb.list.ListVerb object at 0x7f133ae361c0>, verb_name='list', verb_parser=<colcon_defaults.argument_parser.defaults.DefaultArgumentsDecorator object at 0x7f133acd54c0>)
[0.241s] Level 1:colcon.colcon_core.package_discovery:discover_packages(colcon_meta) check parameters
[0.241s] Level 1:colcon.colcon_core.package_discovery:discover_packages(recursive) check parameters
[0.241s] Level 1:colcon.colcon_core.package_discovery:discover_packages(ignore) check parameters
[0.241s] Level 1:colcon.colcon_core.package_discovery:discover_packages(path) check parameters
[0.241s] Level 1:colcon.colcon_core.package_discovery:discover_packages(recursive) discover
[0.241s] INFO:colcon.colcon_core.package_discovery:Crawling recursively for packages in '/home/rodion/projects/vertical_bot/src/vertical_bot_ros'
[0.241s] Level 1:colcon.colcon_core.package_identification:_identify(/home/rodion/projects/vertical_bot/src/vertical_bot_ros) by extensions ['ignore', 'ignore_ament_install']
[0.241s] Level 1:colcon.colcon_core.package_identification:_identify(/home/rodion/projects/vertical_bot/src/vertical_bot_ros) by extension 'ignore'
[0.241s] Level 1:colcon.colcon_core.package_identification:_identify(/home/rodion/projects/vertical_bot/src/vertical_bot_ros) by extension 'ignore_ament_install'
[0.242s] Level 1:colcon.colcon_core.package_identification:_identify(/home/rodion/projects/vertical_bot/src/vertical_bot_ros) by extensions ['colcon_pkg']
[0.242s] Level 1:colcon.colcon_core.package_identification:_identify(/home/rodion/projects/vertical_bot/src/vertical_bot_ros) by extension 'colcon_pkg'
[0.242s] Level 1:colcon.colcon_core.package_identification:_identify(/home/rodion/projects/vertical_bot/src/vertical_bot_ros) by extensions ['colcon_meta']
[0.242s] Level 1:colcon.colcon_core.package_identification:_identify(/home/rodion/projects/vertical_bot/src/vertical_bot_ros) by extension 'colcon_meta'
[0.242s] Level 1:colcon.colcon_core.package_identification:_identify(/home/rodion/projects/vertical_bot/src/vertical_bot_ros) by extensions ['ros']
[0.242s] Level 1:colcon.colcon_core.package_identification:_identify(/home/rodion/projects/vertical_bot/src/vertical_bot_ros) by extension 'ros'
[0.253s] Level 1:colcon.colcon_core.package_identification:_identify(/home/rodion/projects/vertical_bot/src/vertical_bot_ros) by extensions ['cmake', 'python']
[0.253s] Level 1:colcon.colcon_core.package_identification:_identify(/home/rodion/projects/vertical_bot/src/vertical_bot_ros) by extension 'cmake'
[0.253s] Level 1:colcon.colcon_core.package_identification:_identify(/home/rodion/projects/vertical_bot/src/vertical_bot_ros) by extension 'python'
[0.253s] Level 1:colcon.colcon_core.package_identification:_identify(/home/rodion/projects/vertical_bot/src/vertical_bot_ros) by extensions ['python_setup_py']
[0.253s] Level 1:colcon.colcon_core.package_identification:_identify(/home/rodion/projects/vertical_bot/src/vertical_bot_ros) by extension 'python_setup_py'
[0.253s] Level 1:colcon.colcon_core.package_identification:_identify(/home/rodion/projects/vertical_bot/src/vertical_bot_ros/controller) by extensions ['ignore', 'ignore_ament_install']
[0.253s] Level 1:colcon.colcon_core.package_identification:_identify(/home/rodion/projects/vertical_bot/src/vertical_bot_ros/controller) by extension 'ignore'
[0.253s] Level 1:colcon.colcon_core.package_identification:_identify(/home/rodion/projects/vertical_bot/src/vertical_bot_ros/controller) by extension 'ignore_ament_install'
[0.253s] Level 1:colcon.colcon_core.package_identification:_identify(/home/rodion/projects/vertical_bot/src/vertical_bot_ros/controller) by extensions ['colcon_pkg']
[0.253s] Level 1:colcon.colcon_core.package_identification:_identify(/home/rodion/projects/vertical_bot/src/vertical_bot_ros/controller) by extension 'colcon_pkg'
[0.253s] Level 1:colcon.colcon_core.package_identification:_identify(/home/rodion/projects/vertical_bot/src/vertical_bot_ros/controller) by extensions ['colcon_meta']
[0.253s] Level 1:colcon.colcon_core.package_identification:_identify(/home/rodion/projects/vertical_bot/src/vertical_bot_ros/controller) by extension 'colcon_meta'
[0.254s] Level 1:colcon.colcon_core.package_identification:_identify(/home/rodion/projects/vertical_bot/src/vertical_bot_ros/controller) by extensions ['ros']
[0.254s] Level 1:colcon.colcon_core.package_identification:_identify(/home/rodion/projects/vertical_bot/src/vertical_bot_ros/controller) by extension 'ros'
[0.256s] DEBUG:colcon.colcon_core.package_identification:Package '/home/rodion/projects/vertical_bot/src/vertical_bot_ros/controller' with type 'ros.ament_python' and name 'controller'
[0.256s] Level 1:colcon.colcon_core.package_identification:_identify(/home/rodion/projects/vertical_bot/src/vertical_bot_ros/log) by extensions ['ignore', 'ignore_ament_install']
[0.256s] Level 1:colcon.colcon_core.package_identification:_identify(/home/rodion/projects/vertical_bot/src/vertical_bot_ros/log) by extension 'ignore'
[0.256s] Level 1:colcon.colcon_core.package_identification:_identify(/home/rodion/projects/vertical_bot/src/vertical_bot_ros/log) ignored
[0.256s] Level 1:colcon.colcon_core.package_identification:_identify(/home/rodion/projects/vertical_bot/src/vertical_bot_ros/vertical_robot_base_pkg) by extensions ['ignore', 'ignore_ament_install']
[0.256s] Level 1:colcon.colcon_core.package_identification:_identify(/home/rodion/projects/vertical_bot/src/vertical_bot_ros/vertical_robot_base_pkg) by extension 'ignore'
[0.256s] Level 1:colcon.colcon_core.package_identification:_identify(/home/rodion/projects/vertical_bot/src/vertical_bot_ros/vertical_robot_base_pkg) by extension 'ignore_ament_install'
[0.257s] Level 1:colcon.colcon_core.package_identification:_identify(/home/rodion/projects/vertical_bot/src/vertical_bot_ros/vertical_robot_base_pkg) by extensions ['colcon_pkg']
[0.257s] Level 1:colcon.colcon_core.package_identification:_identify(/home/rodion/projects/vertical_bot/src/vertical_bot_ros/vertical_robot_base_pkg) by extension 'colcon_pkg'
[0.257s] Level 1:colcon.colcon_core.package_identification:_identify(/home/rodion/projects/vertical_bot/src/vertical_bot_ros/vertical_robot_base_pkg) by extensions ['colcon_meta']
[0.257s] Level 1:colcon.colcon_core.package_identification:_identify(/home/rodion/projects/vertical_bot/src/vertical_bot_ros/vertical_robot_base_pkg) by extension 'colcon_meta'
[0.257s] Level 1:colcon.colcon_core.package_identification:_identify(/home/rodion/projects/vertical_bot/src/vertical_bot_ros/vertical_robot_base_pkg) by extensions ['ros']
[0.257s] Level 1:colcon.colcon_core.package_identification:_identify(/home/rodion/projects/vertical_bot/src/vertical_bot_ros/vertical_robot_base_pkg) by extension 'ros'
[0.257s] DEBUG:colcon.colcon_core.package_identification:Package '/home/rodion/projects/vertical_bot/src/vertical_bot_ros/vertical_robot_base_pkg' with type 'ros.ament_cmake' and name 'vertical_robot_base_pkg'
[0.258s] Level 1:colcon.colcon_core.package_identification:_identify(/home/rodion/projects/vertical_bot/src/vertical_bot_ros/vertical_robot_model) by extensions ['ignore', 'ignore_ament_install']
[0.258s] Level 1:colcon.colcon_core.package_identification:_identify(/home/rodion/projects/vertical_bot/src/vertical_bot_ros/vertical_robot_model) by extension 'ignore'
[0.258s] Level 1:colcon.colcon_core.package_identification:_identify(/home/rodion/projects/vertical_bot/src/vertical_bot_ros/vertical_robot_model) by extension 'ignore_ament_install'
[0.258s] Level 1:colcon.colcon_core.package_identification:_identify(/home/rodion/projects/vertical_bot/src/vertical_bot_ros/vertical_robot_model) by extensions ['colcon_pkg']
[0.258s] Level 1:colcon.colcon_core.package_identification:_identify(/home/rodion/projects/vertical_bot/src/vertical_bot_ros/vertical_robot_model) by extension 'colcon_pkg'
[0.258s] Level 1:colcon.colcon_core.package_identification:_identify(/home/rodion/projects/vertical_bot/src/vertical_bot_ros/vertical_robot_model) by extensions ['colcon_meta']
[0.258s] Level 1:colcon.colcon_core.package_identification:_identify(/home/rodion/projects/vertical_bot/src/vertical_bot_ros/vertical_robot_model) by extension 'colcon_meta'
[0.258s] Level 1:colcon.colcon_core.package_identification:_identify(/home/rodion/projects/vertical_bot/src/vertical_bot_ros/vertical_robot_model) by extensions ['ros']
[0.258s] Level 1:colcon.colcon_core.package_identification:_identify(/home/rodion/projects/vertical_bot/src/vertical_bot_ros/vertical_robot_model) by extension 'ros'
[0.258s] DEBUG:colcon.colcon_core.package_identification:Package '/home/rodion/projects/vertical_bot/src/vertical_bot_ros/vertical_robot_model' with type 'ros.ament_cmake' and name 'vertical_robot_model'
[0.258s] Level 1:colcon.colcon_core.package_discovery:discover_packages(recursive) using defaults
